2018-12-18 11:05:07.788  INFO 15588 --- [main] c.yile.boot.BootConcurrencyApplication   : Starting BootConcurrencyApplication on DESKTOP-GRQI28A with PID 15588 (D:\workspace_ld\boot\boot-concurrency\target\classes started by H in D:\workspace_ld\boot\boot-concurrency)
2018-12-18 11:05:07.816  INFO 15588 --- [main] c.yile.boot.BootConcurrencyApplication   : No active profile set, falling back to default profiles: default
2018-12-18 11:05:07.963  INFO 15588 --- [main] ConfigServletWebServerApplicationContext : Refreshing org.springframework.boot.web.servlet.context.AnnotationConfigServletWebServerApplicationContext@56528192: startup date [Tue Dec 18 11:05:07 CST 2018]; root of context hierarchy
2018-12-18 11:05:10.404  INFO 15588 --- [main] o.s.b.w.embedded.tomcat.TomcatWebServer  : Tomcat initialized with port(s): 8083 (http)
2018-12-18 11:05:10.436  INFO 15588 --- [main] o.apache.catalina.core.StandardService   : Starting service [Tomcat]
2018-12-18 11:05:10.436  INFO 15588 --- [main] org.apache.catalina.core.StandardEngine  : Starting Servlet Engine: Apache Tomcat/8.5.32
2018-12-18 11:05:10.447  INFO 15588 --- [localhost-startStop-1] o.a.catalina.core.AprLifecycleListener   : The APR based Apache Tomcat Native library which allows optimal performance in production environments was not found on the java.library.path: [D:\Program Files\Java\jdk1.8.0_151\bin;C:\WINDOWS\Sun\Java\bin;C:\WINDOWS\system32;C:\WINDOWS;C:\ProgramData\Oracle\Java\javapath;C:\Program Files (x86)\Common Files\Oracle\Java\javapath;C:\Program Files (x86)\Intel\iCLS Client\;C:\Program Files\Intel\iCLS Client\;C:\Windows\system32;C:\Windows;C:\Windows\System32\Wbem;C:\Windows\System32\WindowsPowerShell\v1.0\;C:\Program Files (x86)\Intel\Intel(R) Management Engine Components\DAL;C:\Program Files\Intel\Intel(R) Management Engine Components\DAL;C:\Program Files (x86)\Intel\Intel(R) Management Engine Components\IPT;C:\Program Files\Intel\Intel(R) Management Engine Components\IPT;C:\Program Files (x86)\NVIDIA Corporation\PhysX\Common;C:\WINDOWS\system32;C:\WINDOWS;C:\WINDOWS\System32\Wbem;C:\WINDOWS\System32\WindowsPowerShell\v1.0\;C:\WINDOWS\System32\OpenSSH\;C:\Program Files\TortoiseSVN\bin;D:\work\software\apache-maven-3.5.0\bin;D:\Program Files\Java\jdk1.8.0_151\bin;D:\work\software\mysql-5.7.23-winx64\bin;C:\Program Files\Git\cmd;C:\Users\H\AppData\Local\Microsoft\WindowsApps;;d:\Program Files\Docker Toolbox;.]
2018-12-18 11:05:10.640  INFO 15588 --- [localhost-startStop-1] o.a.c.c.C.[Tomcat].[localhost].[/]       : Initializing Spring embedded WebApplicationContext
2018-12-18 11:05:10.640  INFO 15588 --- [localhost-startStop-1] o.s.web.context.ContextLoader            : Root WebApplicationContext: initialization completed in 2677 ms
2018-12-18 11:05:10.841  INFO 15588 --- [localhost-startStop-1] o.s.b.w.servlet.FilterRegistrationBean   : Mapping filter: 'characterEncodingFilter' to: [/*]
2018-12-18 11:05:10.841  INFO 15588 --- [localhost-startStop-1] o.s.b.w.servlet.FilterRegistrationBean   : Mapping filter: 'hiddenHttpMethodFilter' to: [/*]
2018-12-18 11:05:10.842  INFO 15588 --- [localhost-startStop-1] o.s.b.w.servlet.FilterRegistrationBean   : Mapping filter: 'httpPutFormContentFilter' to: [/*]
2018-12-18 11:05:10.843  INFO 15588 --- [localhost-startStop-1] o.s.b.w.servlet.FilterRegistrationBean   : Mapping filter: 'requestContextFilter' to: [/*]
2018-12-18 11:05:10.845  INFO 15588 --- [localhost-startStop-1] o.s.b.w.servlet.FilterRegistrationBean   : Mapping filter: 'httpFilter' to urls: [/threadLocal/*]
2018-12-18 11:05:10.846  INFO 15588 --- [localhost-startStop-1] o.s.b.w.servlet.ServletRegistrationBean  : Servlet dispatcherServlet mapped to [/]
2018-12-18 11:05:11.222  INFO 15588 --- [main] o.s.w.s.handler.SimpleUrlHandlerMapping  : Mapped URL path [/**/favicon.ico] onto handler of type [class org.springframework.web.servlet.resource.ResourceHttpRequestHandler]
2018-12-18 11:05:11.563  INFO 15588 --- [main] s.w.s.m.m.a.RequestMappingHandlerAdapter : Looking for @ControllerAdvice: org.springframework.boot.web.servlet.context.AnnotationConfigServletWebServerApplicationContext@56528192: startup date [Tue Dec 18 11:05:07 CST 2018]; root of context hierarchy
2018-12-18 11:05:11.748  INFO 15588 --- [main] s.w.s.m.m.a.RequestMappingHandlerMapping : Mapped "{[/threadLocal/test]}" onto public java.lang.Long com.yile.boot.threadLocal.ThreadLocalController.test()
2018-12-18 11:05:11.752  INFO 15588 --- [main] s.w.s.m.m.a.RequestMappingHandlerMapping : Mapped "{[/error]}" onto public org.springframework.http.ResponseEntity<java.util.Map<java.lang.String, java.lang.Object>> org.springframework.boot.autoconfigure.web.servlet.error.BasicErrorController.error(javax.servlet.http.HttpServletRequest)
2018-12-18 11:05:11.754  INFO 15588 --- [main] s.w.s.m.m.a.RequestMappingHandlerMapping : Mapped "{[/error],produces=[text/html]}" onto public org.springframework.web.servlet.ModelAndView org.springframework.boot.autoconfigure.web.servlet.error.BasicErrorController.errorHtml(javax.servlet.http.HttpServletRequest,javax.servlet.http.HttpServletResponse)
2018-12-18 11:05:11.788  INFO 15588 --- [main] o.s.w.s.handler.SimpleUrlHandlerMapping  : Mapped URL path [/webjars/**] onto handler of type [class org.springframework.web.servlet.resource.ResourceHttpRequestHandler]
2018-12-18 11:05:11.788  INFO 15588 --- [main] o.s.w.s.handler.SimpleUrlHandlerMapping  : Mapped URL path [/**] onto handler of type [class org.springframework.web.servlet.resource.ResourceHttpRequestHandler]
2018-12-18 11:05:12.220  INFO 15588 --- [main] o.s.j.e.a.AnnotationMBeanExporter        : Registering beans for JMX exposure on startup
2018-12-18 11:05:12.275  INFO 15588 --- [main] o.s.b.w.embedded.tomcat.TomcatWebServer  : Tomcat started on port(s): 8083 (http) with context path ''
2018-12-18 11:05:12.284  INFO 15588 --- [main] c.yile.boot.BootConcurrencyApplication   : Started BootConcurrencyApplication in 5.022 seconds (JVM running for 5.627)
2018-12-18 11:05:30.980  INFO 15588 --- [http-nio-8083-exec-1] o.a.c.c.C.[Tomcat].[localhost].[/]       : Initializing Spring FrameworkServlet 'dispatcherServlet'
2018-12-18 11:05:30.981  INFO 15588 --- [http-nio-8083-exec-1] o.s.web.servlet.DispatcherServlet        : FrameworkServlet 'dispatcherServlet': initialization started
2018-12-18 11:05:31.002  INFO 15588 --- [http-nio-8083-exec-1] o.s.web.servlet.DispatcherServlet        : FrameworkServlet 'dispatcherServlet': initialization completed in 21 ms
2018-12-18 11:05:31.054  INFO 15588 --- [http-nio-8083-exec-1] com.yile.boot.HttpInterceptor            : preHandle
2018-12-18 11:05:31.088  INFO 15588 --- [http-nio-8083-exec-1] com.yile.boot.HttpInterceptor            : afterCompletion
2018-12-18 11:05:31.097  INFO 15588 --- [http-nio-8083-exec-1] com.yile.boot.HttpInterceptor            : preHandle
2018-12-18 11:05:31.203  INFO 15588 --- [http-nio-8083-exec-1] com.yile.boot.HttpInterceptor            : afterCompletion
2018-12-18 11:05:51.465  INFO 15588 --- [http-nio-8083-exec-4] com.yile.boot.HttpFilter                 : do filter, 22, /threadLocal/test
2018-12-18 11:05:51.467  INFO 15588 --- [http-nio-8083-exec-4] com.yile.boot.HttpInterceptor            : preHandle
2018-12-18 11:05:51.570  INFO 15588 --- [http-nio-8083-exec-4] com.yile.boot.HttpInterceptor            : afterCompletion
2018-12-18 11:07:12.075  INFO 16352 --- [main] c.yile.boot.BootConcurrencyApplication   : Starting BootConcurrencyApplication on DESKTOP-GRQI28A with PID 16352 (D:\workspace_ld\boot\boot-concurrency\target\classes started by H in D:\workspace_ld\boot\boot-concurrency)
2018-12-18 11:07:12.092  INFO 16352 --- [main] c.yile.boot.BootConcurrencyApplication   : No active profile set, falling back to default profiles: default
2018-12-18 11:07:12.184  INFO 16352 --- [main] ConfigServletWebServerApplicationContext : Refreshing org.springframework.boot.web.servlet.context.AnnotationConfigServletWebServerApplicationContext@4c163e3: startup date [Tue Dec 18 11:07:12 CST 2018]; root of context hierarchy
2018-12-18 11:07:14.928  INFO 16352 --- [main] o.s.b.w.embedded.tomcat.TomcatWebServer  : Tomcat initialized with port(s): 8083 (http)
2018-12-18 11:07:14.966  INFO 16352 --- [main] o.apache.catalina.core.StandardService   : Starting service [Tomcat]
2018-12-18 11:07:14.967  INFO 16352 --- [main] org.apache.catalina.core.StandardEngine  : Starting Servlet Engine: Apache Tomcat/8.5.32
2018-12-18 11:07:14.986  INFO 16352 --- [localhost-startStop-1] o.a.catalina.core.AprLifecycleListener   : The APR based Apache Tomcat Native library which allows optimal performance in production environments was not found on the java.library.path: [D:\Program Files\Java\jdk1.8.0_151\bin;C:\WINDOWS\Sun\Java\bin;C:\WINDOWS\system32;C:\WINDOWS;D:\Program Files\Java\jdk1.8.0_151\jre\bin;C:\ProgramData\Oracle\Java\javapath;C:\Program Files (x86)\Common Files\Oracle\Java\javapath;C:\Program Files (x86)\Intel\iCLS Client\;C:\Program Files\Intel\iCLS Client\;C:\Windows\system32;C:\Windows;C:\Windows\System32\Wbem;C:\Windows\System32\WindowsPowerShell\v1.0\;C:\Program Files (x86)\Intel\Intel(R) Management Engine Components\DAL;C:\Program Files\Intel\Intel(R) Management Engine Components\DAL;C:\Program Files (x86)\Intel\Intel(R) Management Engine Components\IPT;C:\Program Files\Intel\Intel(R) Management Engine Components\IPT;C:\Program Files (x86)\NVIDIA Corporation\PhysX\Common;C:\WINDOWS\system32;C:\WINDOWS;C:\WINDOWS\System32\Wbem;C:\WINDOWS\System32\WindowsPowerShell\v1.0\;C:\WINDOWS\System32\OpenSSH\;C:\Program Files\TortoiseSVN\bin;D:\work\software\apache-maven-3.5.0\bin;D:\Program Files\Java\jdk1.8.0_151\bin;D:\work\software\mysql-5.7.23-winx64\bin;C:\Program Files\Git\cmd;C:\Users\H\AppData\Local\Microsoft\WindowsApps;;d:\Program Files\Docker Toolbox;.]
2018-12-18 11:07:15.209  INFO 16352 --- [localhost-startStop-1] o.a.c.c.C.[Tomcat].[localhost].[/]       : Initializing Spring embedded WebApplicationContext
2018-12-18 11:07:15.210  INFO 16352 --- [localhost-startStop-1] o.s.web.context.ContextLoader            : Root WebApplicationContext: initialization completed in 3026 ms
2018-12-18 11:07:15.375  INFO 16352 --- [localhost-startStop-1] o.s.b.w.servlet.FilterRegistrationBean   : Mapping filter: 'characterEncodingFilter' to: [/*]
2018-12-18 11:07:15.375  INFO 16352 --- [localhost-startStop-1] o.s.b.w.servlet.FilterRegistrationBean   : Mapping filter: 'hiddenHttpMethodFilter' to: [/*]
2018-12-18 11:07:15.375  INFO 16352 --- [localhost-startStop-1] o.s.b.w.servlet.FilterRegistrationBean   : Mapping filter: 'httpPutFormContentFilter' to: [/*]
2018-12-18 11:07:15.376  INFO 16352 --- [localhost-startStop-1] o.s.b.w.servlet.FilterRegistrationBean   : Mapping filter: 'requestContextFilter' to: [/*]
2018-12-18 11:07:15.376  INFO 16352 --- [localhost-startStop-1] o.s.b.w.servlet.FilterRegistrationBean   : Mapping filter: 'httpFilter' to urls: [/threadLocal2/*]
2018-12-18 11:07:15.376  INFO 16352 --- [localhost-startStop-1] o.s.b.w.servlet.ServletRegistrationBean  : Servlet dispatcherServlet mapped to [/]
2018-12-18 11:07:15.628  INFO 16352 --- [main] o.s.w.s.handler.SimpleUrlHandlerMapping  : Mapped URL path [/**/favicon.ico] onto handler of type [class org.springframework.web.servlet.resource.ResourceHttpRequestHandler]
2018-12-18 11:07:15.920  INFO 16352 --- [main] s.w.s.m.m.a.RequestMappingHandlerAdapter : Looking for @ControllerAdvice: org.springframework.boot.web.servlet.context.AnnotationConfigServletWebServerApplicationContext@4c163e3: startup date [Tue Dec 18 11:07:12 CST 2018]; root of context hierarchy
2018-12-18 11:07:16.048  INFO 16352 --- [main] s.w.s.m.m.a.RequestMappingHandlerMapping : Mapped "{[/threadLocal/test]}" onto public java.lang.Long com.yile.boot.threadLocal.ThreadLocalController.test()
2018-12-18 11:07:16.053  INFO 16352 --- [main] s.w.s.m.m.a.RequestMappingHandlerMapping : Mapped "{[/error]}" onto public org.springframework.http.ResponseEntity<java.util.Map<java.lang.String, java.lang.Object>> org.springframework.boot.autoconfigure.web.servlet.error.BasicErrorController.error(javax.servlet.http.HttpServletRequest)
2018-12-18 11:07:16.054  INFO 16352 --- [main] s.w.s.m.m.a.RequestMappingHandlerMapping : Mapped "{[/error],produces=[text/html]}" onto public org.springframework.web.servlet.ModelAndView org.springframework.boot.autoconfigure.web.servlet.error.BasicErrorController.errorHtml(javax.servlet.http.HttpServletRequest,javax.servlet.http.HttpServletResponse)
2018-12-18 11:07:16.120  INFO 16352 --- [main] o.s.w.s.handler.SimpleUrlHandlerMapping  : Mapped URL path [/webjars/**] onto handler of type [class org.springframework.web.servlet.resource.ResourceHttpRequestHandler]
2018-12-18 11:07:16.120  INFO 16352 --- [main] o.s.w.s.handler.SimpleUrlHandlerMapping  : Mapped URL path [/**] onto handler of type [class org.springframework.web.servlet.resource.ResourceHttpRequestHandler]
2018-12-18 11:07:16.681  INFO 16352 --- [main] o.s.j.e.a.AnnotationMBeanExporter        : Registering beans for JMX exposure on startup
2018-12-18 11:07:16.774  INFO 16352 --- [main] o.s.b.w.embedded.tomcat.TomcatWebServer  : Tomcat started on port(s): 8083 (http) with context path ''
2018-12-18 11:07:16.781  INFO 16352 --- [main] c.yile.boot.BootConcurrencyApplication   : Started BootConcurrencyApplication in 5.307 seconds (JVM running for 6.399)
2018-12-18 11:07:20.223  INFO 16352 --- [http-nio-8083-exec-1] o.a.c.c.C.[Tomcat].[localhost].[/]       : Initializing Spring FrameworkServlet 'dispatcherServlet'
2018-12-18 11:07:20.224  INFO 16352 --- [http-nio-8083-exec-1] o.s.web.servlet.DispatcherServlet        : FrameworkServlet 'dispatcherServlet': initialization started
2018-12-18 11:07:20.254  INFO 16352 --- [http-nio-8083-exec-1] o.s.web.servlet.DispatcherServlet        : FrameworkServlet 'dispatcherServlet': initialization completed in 30 ms
2018-12-18 11:07:20.280  INFO 16352 --- [http-nio-8083-exec-1] com.yile.boot.HttpInterceptor            : preHandle
2018-12-18 11:07:20.330  INFO 16352 --- [http-nio-8083-exec-1] com.yile.boot.HttpInterceptor            : afterCompletion
2018-12-18 11:08:58.795  INFO 4676 --- [main] c.yile.boot.BootConcurrencyApplication   : Starting BootConcurrencyApplication on DESKTOP-GRQI28A with PID 4676 (D:\workspace_ld\boot\boot-concurrency\target\classes started by H in D:\workspace_ld\boot\boot-concurrency)
2018-12-18 11:08:58.802  INFO 4676 --- [main] c.yile.boot.BootConcurrencyApplication   : No active profile set, falling back to default profiles: default
2018-12-18 11:08:58.905  INFO 4676 --- [main] ConfigServletWebServerApplicationContext : Refreshing org.springframework.boot.web.servlet.context.AnnotationConfigServletWebServerApplicationContext@6531a794: startup date [Tue Dec 18 11:08:58 CST 2018]; root of context hierarchy
2018-12-18 11:09:01.583  INFO 4676 --- [main] o.s.b.w.embedded.tomcat.TomcatWebServer  : Tomcat initialized with port(s): 8083 (http)
2018-12-18 11:09:01.624  INFO 4676 --- [main] o.apache.catalina.core.StandardService   : Starting service [Tomcat]
2018-12-18 11:09:01.625  INFO 4676 --- [main] org.apache.catalina.core.StandardEngine  : Starting Servlet Engine: Apache Tomcat/8.5.32
2018-12-18 11:09:01.653  INFO 4676 --- [localhost-startStop-1] o.a.catalina.core.AprLifecycleListener   : The APR based Apache Tomcat Native library which allows optimal performance in production environments was not found on the java.library.path: [D:\Program Files\Java\jdk1.8.0_151\bin;C:\WINDOWS\Sun\Java\bin;C:\WINDOWS\system32;C:\WINDOWS;D:\Program Files\Java\jdk1.8.0_151\jre\bin;C:\ProgramData\Oracle\Java\javapath;C:\Program Files (x86)\Common Files\Oracle\Java\javapath;C:\Program Files (x86)\Intel\iCLS Client\;C:\Program Files\Intel\iCLS Client\;C:\Windows\system32;C:\Windows;C:\Windows\System32\Wbem;C:\Windows\System32\WindowsPowerShell\v1.0\;C:\Program Files (x86)\Intel\Intel(R) Management Engine Components\DAL;C:\Program Files\Intel\Intel(R) Management Engine Components\DAL;C:\Program Files (x86)\Intel\Intel(R) Management Engine Components\IPT;C:\Program Files\Intel\Intel(R) Management Engine Components\IPT;C:\Program Files (x86)\NVIDIA Corporation\PhysX\Common;C:\WINDOWS\system32;C:\WINDOWS;C:\WINDOWS\System32\Wbem;C:\WINDOWS\System32\WindowsPowerShell\v1.0\;C:\WINDOWS\System32\OpenSSH\;C:\Program Files\TortoiseSVN\bin;D:\work\software\apache-maven-3.5.0\bin;D:\Program Files\Java\jdk1.8.0_151\bin;D:\work\software\mysql-5.7.23-winx64\bin;C:\Program Files\Git\cmd;C:\Users\H\AppData\Local\Microsoft\WindowsApps;;d:\Program Files\Docker Toolbox;.]
2018-12-18 11:09:01.854  INFO 4676 --- [localhost-startStop-1] o.a.c.c.C.[Tomcat].[localhost].[/]       : Initializing Spring embedded WebApplicationContext
2018-12-18 11:09:01.854  INFO 4676 --- [localhost-startStop-1] o.s.web.context.ContextLoader            : Root WebApplicationContext: initialization completed in 2949 ms
2018-12-18 11:09:02.013  INFO 4676 --- [localhost-startStop-1] o.s.b.w.servlet.FilterRegistrationBean   : Mapping filter: 'characterEncodingFilter' to: [/*]
2018-12-18 11:09:02.014  INFO 4676 --- [localhost-startStop-1] o.s.b.w.servlet.FilterRegistrationBean   : Mapping filter: 'hiddenHttpMethodFilter' to: [/*]
2018-12-18 11:09:02.014  INFO 4676 --- [localhost-startStop-1] o.s.b.w.servlet.FilterRegistrationBean   : Mapping filter: 'httpPutFormContentFilter' to: [/*]
2018-12-18 11:09:02.015  INFO 4676 --- [localhost-startStop-1] o.s.b.w.servlet.FilterRegistrationBean   : Mapping filter: 'requestContextFilter' to: [/*]
2018-12-18 11:09:02.015  INFO 4676 --- [localhost-startStop-1] o.s.b.w.servlet.FilterRegistrationBean   : Mapping filter: 'httpFilter' to urls: [/threadLocal/*]
2018-12-18 11:09:02.016  INFO 4676 --- [localhost-startStop-1] o.s.b.w.servlet.ServletRegistrationBean  : Servlet dispatcherServlet mapped to [/]
2018-12-18 11:09:02.305  INFO 4676 --- [main] o.s.w.s.handler.SimpleUrlHandlerMapping  : Mapped URL path [/**/favicon.ico] onto handler of type [class org.springframework.web.servlet.resource.ResourceHttpRequestHandler]
2018-12-18 11:09:02.606  INFO 4676 --- [main] s.w.s.m.m.a.RequestMappingHandlerAdapter : Looking for @ControllerAdvice: org.springframework.boot.web.servlet.context.AnnotationConfigServletWebServerApplicationContext@6531a794: startup date [Tue Dec 18 11:08:58 CST 2018]; root of context hierarchy
2018-12-18 11:09:02.734  INFO 4676 --- [main] s.w.s.m.m.a.RequestMappingHandlerMapping : Mapped "{[/threadLocal/test]}" onto public java.lang.Long com.yile.boot.threadLocal.ThreadLocalController.test()
2018-12-18 11:09:02.742  INFO 4676 --- [main] s.w.s.m.m.a.RequestMappingHandlerMapping : Mapped "{[/error]}" onto public org.springframework.http.ResponseEntity<java.util.Map<java.lang.String, java.lang.Object>> org.springframework.boot.autoconfigure.web.servlet.error.BasicErrorController.error(javax.servlet.http.HttpServletRequest)
2018-12-18 11:09:02.742  INFO 4676 --- [main] s.w.s.m.m.a.RequestMappingHandlerMapping : Mapped "{[/error],produces=[text/html]}" onto public org.springframework.web.servlet.ModelAndView org.springframework.boot.autoconfigure.web.servlet.error.BasicErrorController.errorHtml(javax.servlet.http.HttpServletRequest,javax.servlet.http.HttpServletResponse)
2018-12-18 11:09:02.793  INFO 4676 --- [main] o.s.w.s.handler.SimpleUrlHandlerMapping  : Mapped URL path [/webjars/**] onto handler of type [class org.springframework.web.servlet.resource.ResourceHttpRequestHandler]
2018-12-18 11:09:02.793  INFO 4676 --- [main] o.s.w.s.handler.SimpleUrlHandlerMapping  : Mapped URL path [/**] onto handler of type [class org.springframework.web.servlet.resource.ResourceHttpRequestHandler]
2018-12-18 11:09:03.578  INFO 4676 --- [main] o.s.j.e.a.AnnotationMBeanExporter        : Registering beans for JMX exposure on startup
2018-12-18 11:09:03.750  INFO 4676 --- [main] o.s.b.w.embedded.tomcat.TomcatWebServer  : Tomcat started on port(s): 8083 (http) with context path ''
2018-12-18 11:09:03.759  INFO 4676 --- [main] c.yile.boot.BootConcurrencyApplication   : Started BootConcurrencyApplication in 5.587 seconds (JVM running for 6.337)
2018-12-18 11:09:08.526  INFO 4676 --- [http-nio-8083-exec-1] o.a.c.c.C.[Tomcat].[localhost].[/]       : Initializing Spring FrameworkServlet 'dispatcherServlet'
2018-12-18 11:09:08.527  INFO 4676 --- [http-nio-8083-exec-1] o.s.web.servlet.DispatcherServlet        : FrameworkServlet 'dispatcherServlet': initialization started
2018-12-18 11:09:08.557  INFO 4676 --- [http-nio-8083-exec-1] o.s.web.servlet.DispatcherServlet        : FrameworkServlet 'dispatcherServlet': initialization completed in 30 ms
2018-12-18 11:09:08.574  INFO 4676 --- [http-nio-8083-exec-1] com.yile.boot.HttpFilter                 : do filter, 21, /threadLocal/test
2018-12-18 11:09:08.587  INFO 4676 --- [http-nio-8083-exec-1] com.yile.boot.HttpInterceptor            : preHandle
2018-12-18 11:09:08.672  INFO 4676 --- [http-nio-8083-exec-1] com.yile.boot.HttpInterceptor            : afterCompletion
